*** Starting uWSGI 2.0.18 (64bit) on [Tue Jul 16 21:23:23 2019] ***
compiled with version: 4.8.5 20150623 (Red Hat 4.8.5-36) on 16 July 2019 11:07:58
os: Linux-3.10.0-957.el7.x86_64 #1 SMP Thu Nov 8 23:39:32 UTC 2018
nodename: VM_0_10_centos
machine: x86_64
clock source: unix
pcre jit disabled
detected number of CPU cores: 1
current working directory: /root/kasim/fish_book
detected binary path: /root/.local/share/virtualenvs/fish_book-t_JyRAER/bin/uwsgi
uWSGI running as root, you can use --uid/--gid/--chroot options
*** WARNING: you are running uWSGI as root !!! (use the --uid flag) *** 
chdir() to /root/kasim/fish_book
your processes number limit is 7269
your memory page size is 4096 bytes
detected max file descriptor number: 100001
lock engine: pthread robust mutexes
thunder lock: disabled (you can enable it with --thunder-lock)
uwsgi socket 0 bound to UNIX address /root/kasim/fish_book/socket/fish_book.sock fd 3
uWSGI running as root, you can use --uid/--gid/--chroot options
*** WARNING: you are running uWSGI as root !!! (use the --uid flag) *** 
Python version: 3.7.4 (default, Jul 15 2019, 10:05:04)  [GCC 4.8.5 20150623 (Red Hat 4.8.5-36)]
*** Python threads support is disabled. You can enable it with --enable-threads ***
Python main interpreter initialized at 0x297f510
uWSGI running as root, you can use --uid/--gid/--chroot options
*** WARNING: you are running uWSGI as root !!! (use the --uid flag) *** 
your server socket listen backlog is limited to 100 connections
your mercy for graceful operations on workers is 60 seconds
mapped 291680 bytes (284 KB) for 3 cores
*** Operational MODE: preforking ***
/root/.local/share/virtualenvs/fish_book-t_JyRAER/lib/python3.7/site-packages/flask_sqlalchemy/__init__.py:835: FSADeprecationWarning: SQLALCHEMY_TRACK_MODIFICATIONS adds significant overhead and will be disabled by default in the future.  Set it to True or False to suppress this warning.
  'SQLALCHEMY_TRACK_MODIFICATIONS adds significant overhead and '
WSGI app 0 (mountpoint='') ready in 1 seconds on interpreter 0x297f510 pid: 1481 (default app)
uWSGI running as root, you can use --uid/--gid/--chroot options
*** WARNING: you are running uWSGI as root !!! (use the --uid flag) *** 
*** uWSGI is running in multiple interpreter mode ***
spawned uWSGI master process (pid: 1481)
spawned uWSGI worker 1 (pid: 1483, cores: 1)
spawned uWSGI worker 2 (pid: 1484, cores: 1)
spawned uWSGI worker 3 (pid: 1485, cores: 1)
SIGINT/SIGQUIT received...killing workers...
worker 1 buried after 1 seconds
worker 2 buried after 1 seconds
worker 3 buried after 1 seconds
goodbye to uWSGI.
VACUUM: unix socket /root/kasim/fish_book/socket/fish_book.sock removed.
*** Starting uWSGI 2.0.18 (64bit) on [Tue Jul 16 21:26:44 2019] ***
compiled with version: 4.8.5 20150623 (Red Hat 4.8.5-36) on 16 July 2019 11:07:58
os: Linux-3.10.0-957.el7.x86_64 #1 SMP Thu Nov 8 23:39:32 UTC 2018
nodename: VM_0_10_centos
machine: x86_64
clock source: unix
pcre jit disabled
detected number of CPU cores: 1
current working directory: /root/kasim/fish_book
detected binary path: /root/.local/share/virtualenvs/fish_book-t_JyRAER/bin/uwsgi
uWSGI running as root, you can use --uid/--gid/--chroot options
*** WARNING: you are running uWSGI as root !!! (use the --uid flag) *** 
chdir() to /root/kasim/fish_book
your processes number limit is 7269
your memory page size is 4096 bytes
detected max file descriptor number: 100001
lock engine: pthread robust mutexes
thunder lock: disabled (you can enable it with --thunder-lock)
uwsgi socket 0 bound to UNIX address /root/kasim/fish_book/socket/fish_book.sock fd 3
uWSGI running as root, you can use --uid/--gid/--chroot options
*** WARNING: you are running uWSGI as root !!! (use the --uid flag) *** 
Python version: 3.7.4 (default, Jul 15 2019, 10:05:04)  [GCC 4.8.5 20150623 (Red Hat 4.8.5-36)]
*** Python threads support is disabled. You can enable it with --enable-threads ***
Python main interpreter initialized at 0xda3510
uWSGI running as root, you can use --uid/--gid/--chroot options
*** WARNING: you are running uWSGI as root !!! (use the --uid flag) *** 
your server socket listen backlog is limited to 100 connections
your mercy for graceful operations on workers is 60 seconds
mapped 291680 bytes (284 KB) for 3 cores
*** Operational MODE: preforking ***
/root/.local/share/virtualenvs/fish_book-t_JyRAER/lib/python3.7/site-packages/flask_sqlalchemy/__init__.py:835: FSADeprecationWarning: SQLALCHEMY_TRACK_MODIFICATIONS adds significant overhead and will be disabled by default in the future.  Set it to True or False to suppress this warning.
  'SQLALCHEMY_TRACK_MODIFICATIONS adds significant overhead and '
WSGI app 0 (mountpoint='') ready in 1 seconds on interpreter 0xda3510 pid: 1814 (default app)
uWSGI running as root, you can use --uid/--gid/--chroot options
*** WARNING: you are running uWSGI as root !!! (use the --uid flag) *** 
*** uWSGI is running in multiple interpreter mode ***
spawned uWSGI master process (pid: 1814)
spawned uWSGI worker 1 (pid: 1816, cores: 1)
spawned uWSGI worker 2 (pid: 1817, cores: 1)
spawned uWSGI worker 3 (pid: 1818, cores: 1)
SIGINT/SIGQUIT received...killing workers...
worker 1 buried after 1 seconds
worker 2 buried after 1 seconds
worker 3 buried after 1 seconds
goodbye to uWSGI.
VACUUM: unix socket /root/kasim/fish_book/socket/fish_book.sock removed.
*** Starting uWSGI 2.0.18 (64bit) on [Tue Jul 16 21:29:28 2019] ***
compiled with version: 4.8.5 20150623 (Red Hat 4.8.5-36) on 16 July 2019 11:07:58
os: Linux-3.10.0-957.el7.x86_64 #1 SMP Thu Nov 8 23:39:32 UTC 2018
nodename: VM_0_10_centos
machine: x86_64
clock source: unix
pcre jit disabled
detected number of CPU cores: 1
current working directory: /root/kasim/fish_book
detected binary path: /root/.local/share/virtualenvs/fish_book-t_JyRAER/bin/uwsgi
uWSGI running as root, you can use --uid/--gid/--chroot options
*** WARNING: you are running uWSGI as root !!! (use the --uid flag) *** 
chdir() to /root/kasim/fish_book
your processes number limit is 7269
your memory page size is 4096 bytes
detected max file descriptor number: 100001
lock engine: pthread robust mutexes
thunder lock: disabled (you can enable it with --thunder-lock)
uwsgi socket 0 bound to UNIX address /root/kasim/fish_book/socket/fish_book.sock fd 3
uWSGI running as root, you can use --uid/--gid/--chroot options
*** WARNING: you are running uWSGI as root !!! (use the --uid flag) *** 
Python version: 3.7.4 (default, Jul 15 2019, 10:05:04)  [GCC 4.8.5 20150623 (Red Hat 4.8.5-36)]
*** Python threads support is disabled. You can enable it with --enable-threads ***
Python main interpreter initialized at 0x1fcc510
uWSGI running as root, you can use --uid/--gid/--chroot options
*** WARNING: you are running uWSGI as root !!! (use the --uid flag) *** 
your server socket listen backlog is limited to 100 connections
your mercy for graceful operations on workers is 60 seconds
mapped 291680 bytes (284 KB) for 3 cores
*** Operational MODE: preforking ***
/root/.local/share/virtualenvs/fish_book-t_JyRAER/lib/python3.7/site-packages/flask_sqlalchemy/__init__.py:835: FSADeprecationWarning: SQLALCHEMY_TRACK_MODIFICATIONS adds significant overhead and will be disabled by default in the future.  Set it to True or False to suppress this warning.
  'SQLALCHEMY_TRACK_MODIFICATIONS adds significant overhead and '
WSGI app 0 (mountpoint='') ready in 1 seconds on interpreter 0x1fcc510 pid: 2154 (default app)
uWSGI running as root, you can use --uid/--gid/--chroot options
*** WARNING: you are running uWSGI as root !!! (use the --uid flag) *** 
*** uWSGI is running in multiple interpreter mode ***
spawned uWSGI master process (pid: 2154)
spawned uWSGI worker 1 (pid: 2156, cores: 1)
spawned uWSGI worker 2 (pid: 2157, cores: 1)
spawned uWSGI worker 3 (pid: 2158, cores: 1)
SIGINT/SIGQUIT received...killing workers...
worker 1 buried after 1 seconds
worker 2 buried after 1 seconds
worker 3 buried after 1 seconds
goodbye to uWSGI.
VACUUM: unix socket /root/kasim/fish_book/socket/fish_book.sock removed.
*** Starting uWSGI 2.0.18 (64bit) on [Tue Jul 16 21:33:58 2019] ***
compiled with version: 4.8.5 20150623 (Red Hat 4.8.5-36) on 16 July 2019 11:07:58
os: Linux-3.10.0-957.el7.x86_64 #1 SMP Thu Nov 8 23:39:32 UTC 2018
nodename: VM_0_10_centos
machine: x86_64
clock source: unix
pcre jit disabled
detected number of CPU cores: 1
current working directory: /root/kasim/fish_book
detected binary path: /root/.local/share/virtualenvs/fish_book-t_JyRAER/bin/uwsgi
uWSGI running as root, you can use --uid/--gid/--chroot options
*** WARNING: you are running uWSGI as root !!! (use the --uid flag) *** 
chdir() to /root/kasim/fish_book
your processes number limit is 7269
your memory page size is 4096 bytes
detected max file descriptor number: 100001
lock engine: pthread robust mutexes
thunder lock: disabled (you can enable it with --thunder-lock)
uwsgi socket 0 bound to UNIX address /root/kasim/fish_book/socket/fish_book.sock fd 3
uWSGI running as root, you can use --uid/--gid/--chroot options
*** WARNING: you are running uWSGI as root !!! (use the --uid flag) *** 
Python version: 3.7.4 (default, Jul 15 2019, 10:05:04)  [GCC 4.8.5 20150623 (Red Hat 4.8.5-36)]
*** Python threads support is disabled. You can enable it with --enable-threads ***
Python main interpreter initialized at 0x21d4510
uWSGI running as root, you can use --uid/--gid/--chroot options
*** WARNING: you are running uWSGI as root !!! (use the --uid flag) *** 
your server socket listen backlog is limited to 100 connections
your mercy for graceful operations on workers is 60 seconds
mapped 291680 bytes (284 KB) for 3 cores
*** Operational MODE: preforking ***
ModuleNotFoundError: No module named 'run'
unable to load app 0 (mountpoint='') (callable not found or import error)
*** no app loaded. going in full dynamic mode ***
uWSGI running as root, you can use --uid/--gid/--chroot options
*** WARNING: you are running uWSGI as root !!! (use the --uid flag) *** 
*** uWSGI is running in multiple interpreter mode ***
spawned uWSGI master process (pid: 2652)
spawned uWSGI worker 1 (pid: 2653, cores: 1)
spawned uWSGI worker 2 (pid: 2654, cores: 1)
spawned uWSGI worker 3 (pid: 2655, cores: 1)
SIGINT/SIGQUIT received...killing workers...
worker 2 buried after 0 seconds
worker 3 buried after 0 seconds
worker 1 buried after 0 seconds
goodbye to uWSGI.
VACUUM: unix socket /root/kasim/fish_book/socket/fish_book.sock removed.
*** Starting uWSGI 2.0.18 (64bit) on [Tue Jul 16 21:39:10 2019] ***
compiled with version: 4.8.5 20150623 (Red Hat 4.8.5-36) on 16 July 2019 11:07:58
os: Linux-3.10.0-957.el7.x86_64 #1 SMP Thu Nov 8 23:39:32 UTC 2018
nodename: VM_0_10_centos
machine: x86_64
clock source: unix
pcre jit disabled
detected number of CPU cores: 1
current working directory: /root/kasim/fish_book
detected binary path: /root/.local/share/virtualenvs/fish_book-t_JyRAER/bin/uwsgi
uWSGI running as root, you can use --uid/--gid/--chroot options
*** WARNING: you are running uWSGI as root !!! (use the --uid flag) *** 
chdir() to /root/kasim/fish_book
your processes number limit is 7269
your memory page size is 4096 bytes
detected max file descriptor number: 100001
lock engine: pthread robust mutexes
thunder lock: disabled (you can enable it with --thunder-lock)
uwsgi socket 0 bound to TCP address 0.0.0.0:5000 fd 3
uWSGI running as root, you can use --uid/--gid/--chroot options
*** WARNING: you are running uWSGI as root !!! (use the --uid flag) *** 
Python version: 3.7.4 (default, Jul 15 2019, 10:05:04)  [GCC 4.8.5 20150623 (Red Hat 4.8.5-36)]
*** Python threads support is disabled. You can enable it with --enable-threads ***
Python main interpreter initialized at 0x13d6a10
uWSGI running as root, you can use --uid/--gid/--chroot options
*** WARNING: you are running uWSGI as root !!! (use the --uid flag) *** 
your server socket listen backlog is limited to 100 connections
your mercy for graceful operations on workers is 60 seconds
mapped 291680 bytes (284 KB) for 3 cores
*** Operational MODE: preforking ***
/root/.local/share/virtualenvs/fish_book-t_JyRAER/lib/python3.7/site-packages/flask_sqlalchemy/__init__.py:835: FSADeprecationWarning: SQLALCHEMY_TRACK_MODIFICATIONS adds significant overhead and will be disabled by default in the future.  Set it to True or False to suppress this warning.
  'SQLALCHEMY_TRACK_MODIFICATIONS adds significant overhead and '
WSGI app 0 (mountpoint='') ready in 1 seconds on interpreter 0x13d6a10 pid: 3237 (default app)
uWSGI running as root, you can use --uid/--gid/--chroot options
*** WARNING: you are running uWSGI as root !!! (use the --uid flag) *** 
*** uWSGI is running in multiple interpreter mode ***
spawned uWSGI master process (pid: 3237)
spawned uWSGI worker 1 (pid: 3243, cores: 1)
spawned uWSGI worker 2 (pid: 3244, cores: 1)
spawned uWSGI worker 3 (pid: 3245, cores: 1)
invalid request block size: 21573 (max 4096)...skip
invalid request block size: 21573 (max 4096)...skip
invalid request block size: 21573 (max 4096)...skip
invalid request block size: 21573 (max 4096)...skip
invalid request block size: 21573 (max 4096)...skip
invalid request block size: 21573 (max 4096)...skip
invalid request block size: 21573 (max 4096)...skip
invalid request block size: 21573 (max 4096)...skip
invalid request block size: 21573 (max 4096)...skip
invalid request block size: 21573 (max 4096)...skip
invalid request block size: 21573 (max 4096)...skip
invalid request block size: 21573 (max 4096)...skip
invalid request block size: 21573 (max 4096)...skip
invalid request block size: 21573 (max 4096)...skip
invalid request block size: 21573 (max 4096)...skip
invalid request block size: 21573 (max 4096)...skip
invalid request block size: 21573 (max 4096)...skip
invalid request block size: 21573 (max 4096)...skip
invalid request block size: 21573 (max 4096)...skip
invalid request block size: 21573 (max 4096)...skip
invalid request block size: 21573 (max 4096)...skip
invalid request block size: 21573 (max 4096)...skip
invalid request block size: 21573 (max 4096)...skip
invalid request block size: 21573 (max 4096)...skip
invalid request block size: 21573 (max 4096)...skip
invalid request block size: 21573 (max 4096)...skip
invalid request block size: 21573 (max 4096)...skip
invalid request block size: 21573 (max 4096)...skip
SIGINT/SIGQUIT received...killing workers...
worker 1 buried after 1 seconds
worker 2 buried after 1 seconds
worker 3 buried after 1 seconds
goodbye to uWSGI.
*** Starting uWSGI 2.0.18 (64bit) on [Tue Jul 16 21:40:21 2019] ***
compiled with version: 4.8.5 20150623 (Red Hat 4.8.5-36) on 16 July 2019 11:07:58
os: Linux-3.10.0-957.el7.x86_64 #1 SMP Thu Nov 8 23:39:32 UTC 2018
nodename: VM_0_10_centos
machine: x86_64
clock source: unix
pcre jit disabled
detected number of CPU cores: 1
current working directory: /root/kasim/fish_book
detected binary path: /root/.local/share/virtualenvs/fish_book-t_JyRAER/bin/uwsgi
uWSGI running as root, you can use --uid/--gid/--chroot options
*** WARNING: you are running uWSGI as root !!! (use the --uid flag) *** 
chdir() to /root/kasim/fish_book
your processes number limit is 7269
your memory page size is 4096 bytes
detected max file descriptor number: 100001
lock engine: pthread robust mutexes
thunder lock: disabled (you can enable it with --thunder-lock)
uWSGI running as root, you can use --uid/--gid/--chroot options
*** WARNING: you are running uWSGI as root !!! (use the --uid flag) *** 
Python version: 3.7.4 (default, Jul 15 2019, 10:05:04)  [GCC 4.8.5 20150623 (Red Hat 4.8.5-36)]
*** Python threads support is disabled. You can enable it with --enable-threads ***
Python main interpreter initialized at 0x1fe8380
uWSGI running as root, you can use --uid/--gid/--chroot options
*** WARNING: you are running uWSGI as root !!! (use the --uid flag) *** 
The -s/--socket option is missing and stdin is not a socket.
*** Starting uWSGI 2.0.18 (64bit) on [Tue Jul 16 21:40:32 2019] ***
compiled with version: 4.8.5 20150623 (Red Hat 4.8.5-36) on 16 July 2019 11:07:58
os: Linux-3.10.0-957.el7.x86_64 #1 SMP Thu Nov 8 23:39:32 UTC 2018
nodename: VM_0_10_centos
machine: x86_64
clock source: unix
pcre jit disabled
detected number of CPU cores: 1
current working directory: /root/kasim/fish_book
detected binary path: /root/.local/share/virtualenvs/fish_book-t_JyRAER/bin/uwsgi
uWSGI running as root, you can use --uid/--gid/--chroot options
*** WARNING: you are running uWSGI as root !!! (use the --uid flag) *** 
chdir() to /root/kasim/fish_book
your processes number limit is 7269
your memory page size is 4096 bytes
detected max file descriptor number: 100001
lock engine: pthread robust mutexes
thunder lock: disabled (you can enable it with --thunder-lock)
uWSGI running as root, you can use --uid/--gid/--chroot options
*** WARNING: you are running uWSGI as root !!! (use the --uid flag) *** 
Python version: 3.7.4 (default, Jul 15 2019, 10:05:04)  [GCC 4.8.5 20150623 (Red Hat 4.8.5-36)]
*** Python threads support is disabled. You can enable it with --enable-threads ***
Python main interpreter initialized at 0x1c21380
uWSGI running as root, you can use --uid/--gid/--chroot options
*** WARNING: you are running uWSGI as root !!! (use the --uid flag) *** 
The -s/--socket option is missing and stdin is not a socket.
*** Starting uWSGI 2.0.18 (64bit) on [Tue Jul 16 21:40:55 2019] ***
compiled with version: 4.8.5 20150623 (Red Hat 4.8.5-36) on 16 July 2019 11:07:58
os: Linux-3.10.0-957.el7.x86_64 #1 SMP Thu Nov 8 23:39:32 UTC 2018
nodename: VM_0_10_centos
machine: x86_64
clock source: unix
pcre jit disabled
detected number of CPU cores: 1
current working directory: /root/kasim/fish_book
detected binary path: /root/.local/share/virtualenvs/fish_book-t_JyRAER/bin/uwsgi
uWSGI running as root, you can use --uid/--gid/--chroot options
*** WARNING: you are running uWSGI as root !!! (use the --uid flag) *** 
chdir() to /root/kasim/fish_book
your processes number limit is 7269
your memory page size is 4096 bytes
detected max file descriptor number: 100001
lock engine: pthread robust mutexes
thunder lock: disabled (you can enable it with --thunder-lock)
uwsgi socket 0 bound to TCP address 0.0.0.0:5000 fd 3
uWSGI running as root, you can use --uid/--gid/--chroot options
*** WARNING: you are running uWSGI as root !!! (use the --uid flag) *** 
Python version: 3.7.4 (default, Jul 15 2019, 10:05:04)  [GCC 4.8.5 20150623 (Red Hat 4.8.5-36)]
*** Python threads support is disabled. You can enable it with --enable-threads ***
Python main interpreter initialized at 0x27eda10
uWSGI running as root, you can use --uid/--gid/--chroot options
*** WARNING: you are running uWSGI as root !!! (use the --uid flag) *** 
your server socket listen backlog is limited to 100 connections
your mercy for graceful operations on workers is 60 seconds
mapped 291680 bytes (284 KB) for 3 cores
*** Operational MODE: preforking ***
/root/.local/share/virtualenvs/fish_book-t_JyRAER/lib/python3.7/site-packages/flask_sqlalchemy/__init__.py:835: FSADeprecationWarning: SQLALCHEMY_TRACK_MODIFICATIONS adds significant overhead and will be disabled by default in the future.  Set it to True or False to suppress this warning.
  'SQLALCHEMY_TRACK_MODIFICATIONS adds significant overhead and '
WSGI app 0 (mountpoint='') ready in 1 seconds on interpreter 0x27eda10 pid: 3403 (default app)
uWSGI running as root, you can use --uid/--gid/--chroot options
*** WARNING: you are running uWSGI as root !!! (use the --uid flag) *** 
*** uWSGI is running in multiple interpreter mode ***
spawned uWSGI master process (pid: 3403)
spawned uWSGI worker 1 (pid: 3410, cores: 1)
spawned uWSGI worker 2 (pid: 3411, cores: 1)
spawned uWSGI worker 3 (pid: 3412, cores: 1)
[pid: 3410|app: 0|req: 1/1] 101.88.131.222 () {36 vars in 863 bytes} [Tue Jul 16 21:41:05 2019] GET / => generated 3435 bytes in 49 msecs (HTTP/1.1 200) 3 headers in 95 bytes (1 switches on core 0)
[pid: 3410|app: 0|req: 2/2] 101.88.131.222 () {38 vars in 858 bytes} [Tue Jul 16 21:41:05 2019] GET /static/images/icon.png => generated 1749 bytes in 3 msecs via sendfile() (HTTP/1.1 200) 8 headers in 293 bytes (0 switches on core 0)
[pid: 3410|app: 0|req: 3/3] 101.88.131.222 () {36 vars in 863 bytes} [Tue Jul 16 21:41:22 2019] GET / => generated 3435 bytes in 6 msecs (HTTP/1.1 200) 3 headers in 95 bytes (1 switches on core 0)
[pid: 3412|app: 0|req: 1/4] 101.88.131.222 () {38 vars in 858 bytes} [Tue Jul 16 21:41:22 2019] GET /static/images/icon.png => generated 1749 bytes in 7 msecs via sendfile() (HTTP/1.1 200) 8 headers in 293 bytes (0 switches on core 0)
uwsgi_proto_http_parser() -> client closed connection
[pid: 3410|app: 0|req: 4/5] 101.88.131.222 () {36 vars in 856 bytes} [Tue Jul 16 21:42:56 2019] GET / => generated 3435 bytes in 6 msecs (HTTP/1.1 200) 3 headers in 95 bytes (1 switches on core 0)
[pid: 3410|app: 0|req: 5/6] 115.238.229.45 () {32 vars in 1084 bytes} [Tue Jul 16 21:47:36 2019] GET /?nsukey=7GjGaB5ryzgGsy7SMqG4Ub25OKdelyyNk69ACoz%2FnwLOkVgO72P9LiOqJBGXgKfFPXazB7NeH0Khiyzpm5a0POIIuoqUOiUoLIDfvhOruIBi7%2BTKTTBVATB5adiDeqEbqtoVzZ3AEtMBv1xNh4ngJBvmmpO%2FsTewZI40C56tmOzs7hsXwLy1KGvII85w4AlXOB7eHTcjRUEdBsjTjDmQBw%3D%3D => generated 3435 bytes in 5 msecs (HTTP/1.1 200) 2 headers in 81 bytes (1 switches on core 0)
[pid: 3412|app: 0|req: 2/7] 115.238.229.45 () {32 vars in 852 bytes} [Tue Jul 16 21:47:36 2019] GET /static/css/base.css => generated 4479 bytes in 1 msecs via sendfile() (HTTP/1.1 200) 8 headers in 306 bytes (0 switches on core 0)
[pid: 3412|app: 0|req: 3/8] 115.238.229.45 () {32 vars in 854 bytes} [Tue Jul 16 21:47:36 2019] GET /static/css/index.css => generated 887 bytes in 1 msecs via sendfile() (HTTP/1.1 200) 8 headers in 304 bytes (0 switches on core 0)
[pid: 3411|app: 0|req: 1/9] 115.238.229.45 () {32 vars in 855 bytes} [Tue Jul 16 21:47:36 2019] GET /static/images/logo-yushu.png => generated 3991 bytes in 6 msecs via sendfile() (HTTP/1.1 200) 8 headers in 292 bytes (0 switches on core 0)
[pid: 3410|app: 0|req: 6/10] 115.238.229.45 () {32 vars in 853 bytes} [Tue Jul 16 21:47:36 2019] GET /static/3rd/bootstrap.min.js => generated 35558 bytes in 37 msecs via sendfile() (HTTP/1.1 200) 8 headers in 321 bytes (1 switches on core 0)
[pid: 3410|app: 0|req: 7/11] 115.238.229.45 () {32 vars in 833 bytes} [Tue Jul 16 21:47:36 2019] GET /static/js/base.js => generated 422 bytes in 1 msecs via sendfile() (HTTP/1.1 200) 8 headers in 319 bytes (0 switches on core 0)
[pid: 3410|app: 0|req: 8/12] 115.238.229.45 () {32 vars in 847 bytes} [Tue Jul 16 21:47:36 2019] GET /static/images/upload.png => generated 1945 bytes in 1 msecs via sendfile() (HTTP/1.1 200) 8 headers in 293 bytes (0 switches on core 0)
[pid: 3411|app: 0|req: 2/13] 115.238.229.45 () {32 vars in 859 bytes} [Tue Jul 16 21:47:36 2019] GET /static/3rd/jquery-3.2.1.min.js => generated 86659 bytes in 525 msecs via sendfile() (HTTP/1.1 200) 8 headers in 323 bytes (3 switches on core 0)
[pid: 3411|app: 0|req: 3/14] 115.238.229.45 () {32 vars in 843 bytes} [Tue Jul 16 21:47:37 2019] GET /static/images/wish.png => generated 2220 bytes in 1 msecs via sendfile() (HTTP/1.1 200) 8 headers in 293 bytes (0 switches on core 0)
[pid: 3410|app: 0|req: 9/15] 115.238.229.45 () {32 vars in 843 bytes} [Tue Jul 16 21:47:37 2019] GET /static/images/fish.png => generated 2810 bytes in 1 msecs via sendfile() (HTTP/1.1 200) 8 headers in 292 bytes (0 switches on core 0)
[pid: 3411|app: 0|req: 4/16] 115.238.229.45 () {32 vars in 843 bytes} [Tue Jul 16 21:47:37 2019] GET /static/images/gift.png => generated 2516 bytes in 1 msecs via sendfile() (HTTP/1.1 200) 8 headers in 293 bytes (0 switches on core 0)
[pid: 3412|app: 0|req: 4/17] 115.238.229.45 () {32 vars in 876 bytes} [Tue Jul 16 21:47:36 2019] GET /static/3rd/ui/bootstrap.min.css => generated 114012 bytes in 2030 msecs via sendfile() (HTTP/1.1 200) 8 headers in 310 bytes (8 switches on core 0)
[pid: 3410|app: 0|req: 10/18] 101.88.131.222 () {36 vars in 856 bytes} [Tue Jul 16 21:49:04 2019] GET / => generated 3435 bytes in 8 msecs (HTTP/1.1 200) 3 headers in 95 bytes (1 switches on core 0)
SIGINT/SIGQUIT received...killing workers...
worker 1 buried after 1 seconds
worker 2 buried after 1 seconds
worker 3 buried after 1 seconds
goodbye to uWSGI.
*** Starting uWSGI 2.0.18 (64bit) on [Tue Jul 16 21:53:15 2019] ***
compiled with version: 4.8.5 20150623 (Red Hat 4.8.5-36) on 16 July 2019 11:07:58
os: Linux-3.10.0-957.el7.x86_64 #1 SMP Thu Nov 8 23:39:32 UTC 2018
nodename: VM_0_10_centos
machine: x86_64
clock source: unix
pcre jit disabled
detected number of CPU cores: 1
current working directory: /root/kasim/fish_book
detected binary path: /root/.local/share/virtualenvs/fish_book-t_JyRAER/bin/uwsgi
uWSGI running as root, you can use --uid/--gid/--chroot options
*** WARNING: you are running uWSGI as root !!! (use the --uid flag) *** 
chdir() to /root/kasim/fish_book
your processes number limit is 7269
your memory page size is 4096 bytes
detected max file descriptor number: 100001
lock engine: pthread robust mutexes
thunder lock: disabled (you can enable it with --thunder-lock)
uwsgi socket 0 bound to TCP address 0.0.0.0:5000 fd 3
uWSGI running as root, you can use --uid/--gid/--chroot options
*** WARNING: you are running uWSGI as root !!! (use the --uid flag) *** 
Python version: 3.7.4 (default, Jul 15 2019, 10:05:04)  [GCC 4.8.5 20150623 (Red Hat 4.8.5-36)]
*** Python threads support is disabled. You can enable it with --enable-threads ***
Python main interpreter initialized at 0x1cb2a10
uWSGI running as root, you can use --uid/--gid/--chroot options
*** WARNING: you are running uWSGI as root !!! (use the --uid flag) *** 
your server socket listen backlog is limited to 100 connections
your mercy for graceful operations on workers is 60 seconds
mapped 291680 bytes (284 KB) for 3 cores
*** Operational MODE: preforking ***
/root/.local/share/virtualenvs/fish_book-t_JyRAER/lib/python3.7/site-packages/flask_sqlalchemy/__init__.py:835: FSADeprecationWarning: SQLALCHEMY_TRACK_MODIFICATIONS adds significant overhead and will be disabled by default in the future.  Set it to True or False to suppress this warning.
  'SQLALCHEMY_TRACK_MODIFICATIONS adds significant overhead and '
WSGI app 0 (mountpoint='') ready in 1 seconds on interpreter 0x1cb2a10 pid: 4731 (default app)
uWSGI running as root, you can use --uid/--gid/--chroot options
*** WARNING: you are running uWSGI as root !!! (use the --uid flag) *** 
*** uWSGI is running in multiple interpreter mode ***
spawned uWSGI master process (pid: 4731)
spawned uWSGI worker 1 (pid: 4738, cores: 1)
spawned uWSGI worker 2 (pid: 4739, cores: 1)
spawned uWSGI worker 3 (pid: 4740, cores: 1)
[pid: 4740|app: 0|req: 1/1] 101.88.131.222 () {36 vars in 863 bytes} [Tue Jul 16 21:53:32 2019] GET / => generated 3435 bytes in 62 msecs (HTTP/1.1 200) 3 headers in 95 bytes (1 switches on core 0)
[pid: 4739|app: 0|req: 1/2] 101.88.131.222 () {38 vars in 858 bytes} [Tue Jul 16 21:53:32 2019] GET /static/images/icon.png => generated 1749 bytes in 6 msecs via sendfile() (HTTP/1.1 200) 8 headers in 293 bytes (0 switches on core 0)
uwsgi_proto_http_parser() -> client closed connection
SIGINT/SIGQUIT received...killing workers...
worker 1 buried after 1 seconds
worker 2 buried after 1 seconds
worker 3 buried after 1 seconds
goodbye to uWSGI.
*** Starting uWSGI 2.0.18 (64bit) on [Tue Jul 16 21:55:45 2019] ***
compiled with version: 4.8.5 20150623 (Red Hat 4.8.5-36) on 16 July 2019 11:07:58
os: Linux-3.10.0-957.el7.x86_64 #1 SMP Thu Nov 8 23:39:32 UTC 2018
nodename: VM_0_10_centos
machine: x86_64
clock source: unix
pcre jit disabled
detected number of CPU cores: 1
current working directory: /root/kasim/fish_book
detected binary path: /root/.local/share/virtualenvs/fish_book-t_JyRAER/bin/uwsgi
uWSGI running as root, you can use --uid/--gid/--chroot options
*** WARNING: you are running uWSGI as root !!! (use the --uid flag) *** 
chdir() to /root/kasim/fish_book
your processes number limit is 7269
your memory page size is 4096 bytes
detected max file descriptor number: 100001
lock engine: pthread robust mutexes
thunder lock: disabled (you can enable it with --thunder-lock)
uwsgi socket 0 bound to UNIX address /root/kasim/fish_book/socket/fish_book.sock fd 3
uWSGI running as root, you can use --uid/--gid/--chroot options
*** WARNING: you are running uWSGI as root !!! (use the --uid flag) *** 
Python version: 3.7.4 (default, Jul 15 2019, 10:05:04)  [GCC 4.8.5 20150623 (Red Hat 4.8.5-36)]
*** Python threads support is disabled. You can enable it with --enable-threads ***
Python main interpreter initialized at 0x2306530
uWSGI running as root, you can use --uid/--gid/--chroot options
*** WARNING: you are running uWSGI as root !!! (use the --uid flag) *** 
your server socket listen backlog is limited to 100 connections
your mercy for graceful operations on workers is 60 seconds
mapped 291680 bytes (284 KB) for 3 cores
*** Operational MODE: preforking ***
/root/.local/share/virtualenvs/fish_book-t_JyRAER/lib/python3.7/site-packages/flask_sqlalchemy/__init__.py:835: FSADeprecationWarning: SQLALCHEMY_TRACK_MODIFICATIONS adds significant overhead and will be disabled by default in the future.  Set it to True or False to suppress this warning.
  'SQLALCHEMY_TRACK_MODIFICATIONS adds significant overhead and '
WSGI app 0 (mountpoint='') ready in 1 seconds on interpreter 0x2306530 pid: 4992 (default app)
uWSGI running as root, you can use --uid/--gid/--chroot options
*** WARNING: you are running uWSGI as root !!! (use the --uid flag) *** 
*** uWSGI is running in multiple interpreter mode ***
spawned uWSGI master process (pid: 4992)
spawned uWSGI worker 1 (pid: 4999, cores: 1)
spawned uWSGI worker 2 (pid: 5000, cores: 1)
spawned uWSGI worker 3 (pid: 5001, cores: 1)
SIGINT/SIGQUIT received...killing workers...
worker 1 buried after 1 seconds
worker 2 buried after 1 seconds
worker 3 buried after 1 seconds
goodbye to uWSGI.
VACUUM: unix socket /root/kasim/fish_book/socket/fish_book.sock removed.
*** Starting uWSGI 2.0.18 (64bit) on [Tue Jul 16 21:57:25 2019] ***
compiled with version: 4.8.5 20150623 (Red Hat 4.8.5-36) on 16 July 2019 11:07:58
os: Linux-3.10.0-957.el7.x86_64 #1 SMP Thu Nov 8 23:39:32 UTC 2018
nodename: VM_0_10_centos
machine: x86_64
clock source: unix
pcre jit disabled
detected number of CPU cores: 1
current working directory: /root/kasim/fish_book
detected binary path: /root/.local/share/virtualenvs/fish_book-t_JyRAER/bin/uwsgi
uWSGI running as root, you can use --uid/--gid/--chroot options
*** WARNING: you are running uWSGI as root !!! (use the --uid flag) *** 
chdir() to /root/kasim/fish_book
your processes number limit is 7269
your memory page size is 4096 bytes
detected max file descriptor number: 100001
lock engine: pthread robust mutexes
thunder lock: disabled (you can enable it with --thunder-lock)
uWSGI running as root, you can use --uid/--gid/--chroot options
*** WARNING: you are running uWSGI as root !!! (use the --uid flag) *** 
Python version: 3.7.4 (default, Jul 15 2019, 10:05:04)  [GCC 4.8.5 20150623 (Red Hat 4.8.5-36)]
*** Python threads support is disabled. You can enable it with --enable-threads ***
Python main interpreter initialized at 0x202e3b0
uWSGI running as root, you can use --uid/--gid/--chroot options
*** WARNING: you are running uWSGI as root !!! (use the --uid flag) *** 
The -s/--socket option is missing and stdin is not a socket.
*** Starting uWSGI 2.0.18 (64bit) on [Tue Jul 16 21:57:30 2019] ***
compiled with version: 4.8.5 20150623 (Red Hat 4.8.5-36) on 16 July 2019 11:07:58
os: Linux-3.10.0-957.el7.x86_64 #1 SMP Thu Nov 8 23:39:32 UTC 2018
nodename: VM_0_10_centos
machine: x86_64
clock source: unix
pcre jit disabled
detected number of CPU cores: 1
current working directory: /root/kasim/fish_book
detected binary path: /root/.local/share/virtualenvs/fish_book-t_JyRAER/bin/uwsgi
uWSGI running as root, you can use --uid/--gid/--chroot options
*** WARNING: you are running uWSGI as root !!! (use the --uid flag) *** 
chdir() to /root/kasim/fish_book
your processes number limit is 7269
your memory page size is 4096 bytes
detected max file descriptor number: 100001
lock engine: pthread robust mutexes
thunder lock: disabled (you can enable it with --thunder-lock)
uWSGI running as root, you can use --uid/--gid/--chroot options
*** WARNING: you are running uWSGI as root !!! (use the --uid flag) *** 
Python version: 3.7.4 (default, Jul 15 2019, 10:05:04)  [GCC 4.8.5 20150623 (Red Hat 4.8.5-36)]
*** Python threads support is disabled. You can enable it with --enable-threads ***
Python main interpreter initialized at 0x15e03b0
uWSGI running as root, you can use --uid/--gid/--chroot options
*** WARNING: you are running uWSGI as root !!! (use the --uid flag) *** 
The -s/--socket option is missing and stdin is not a socket.
*** Starting uWSGI 2.0.18 (64bit) on [Tue Jul 16 22:00:13 2019] ***
compiled with version: 4.8.5 20150623 (Red Hat 4.8.5-36) on 16 July 2019 11:07:58
os: Linux-3.10.0-957.el7.x86_64 #1 SMP Thu Nov 8 23:39:32 UTC 2018
nodename: VM_0_10_centos
machine: x86_64
clock source: unix
pcre jit disabled
detected number of CPU cores: 1
current working directory: /root/kasim/fish_book
detected binary path: /root/.local/share/virtualenvs/fish_book-t_JyRAER/bin/uwsgi
uWSGI running as root, you can use --uid/--gid/--chroot options
*** WARNING: you are running uWSGI as root !!! (use the --uid flag) *** 
chdir() to /root/kasim/fish_book
your processes number limit is 7269
your memory page size is 4096 bytes
detected max file descriptor number: 100001
lock engine: pthread robust mutexes
thunder lock: disabled (you can enable it with --thunder-lock)
uWSGI running as root, you can use --uid/--gid/--chroot options
*** WARNING: you are running uWSGI as root !!! (use the --uid flag) *** 
Python version: 3.7.4 (default, Jul 15 2019, 10:05:04)  [GCC 4.8.5 20150623 (Red Hat 4.8.5-36)]
*** Python threads support is disabled. You can enable it with --enable-threads ***
Python main interpreter initialized at 0x171a3b0
uWSGI running as root, you can use --uid/--gid/--chroot options
*** WARNING: you are running uWSGI as root !!! (use the --uid flag) *** 
The -s/--socket option is missing and stdin is not a socket.
*** Starting uWSGI 2.0.18 (64bit) on [Tue Jul 16 22:00:53 2019] ***
compiled with version: 4.8.5 20150623 (Red Hat 4.8.5-36) on 16 July 2019 11:07:58
os: Linux-3.10.0-957.el7.x86_64 #1 SMP Thu Nov 8 23:39:32 UTC 2018
nodename: VM_0_10_centos
machine: x86_64
clock source: unix
pcre jit disabled
detected number of CPU cores: 1
current working directory: /root/kasim/fish_book
detected binary path: /root/.local/share/virtualenvs/fish_book-t_JyRAER/bin/uwsgi
uWSGI running as root, you can use --uid/--gid/--chroot options
*** WARNING: you are running uWSGI as root !!! (use the --uid flag) *** 
chdir() to /root/kasim/fish_book
your processes number limit is 7269
your memory page size is 4096 bytes
detected max file descriptor number: 100001
lock engine: pthread robust mutexes
thunder lock: disabled (you can enable it with --thunder-lock)
uWSGI running as root, you can use --uid/--gid/--chroot options
*** WARNING: you are running uWSGI as root !!! (use the --uid flag) *** 
Python version: 3.7.4 (default, Jul 15 2019, 10:05:04)  [GCC 4.8.5 20150623 (Red Hat 4.8.5-36)]
*** Python threads support is disabled. You can enable it with --enable-threads ***
Python main interpreter initialized at 0x19b93b0
uWSGI running as root, you can use --uid/--gid/--chroot options
*** WARNING: you are running uWSGI as root !!! (use the --uid flag) *** 
The -s/--socket option is missing and stdin is not a socket.
*** Starting uWSGI 2.0.18 (64bit) on [Tue Jul 16 22:03:19 2019] ***
compiled with version: 4.8.5 20150623 (Red Hat 4.8.5-36) on 16 July 2019 11:07:58
os: Linux-3.10.0-957.el7.x86_64 #1 SMP Thu Nov 8 23:39:32 UTC 2018
nodename: VM_0_10_centos
machine: x86_64
clock source: unix
pcre jit disabled
detected number of CPU cores: 1
current working directory: /root/kasim/fish_book
detected binary path: /root/.local/share/virtualenvs/fish_book-t_JyRAER/bin/uwsgi
uWSGI running as root, you can use --uid/--gid/--chroot options
*** WARNING: you are running uWSGI as root !!! (use the --uid flag) *** 
chdir() to /root/kasim/fish_book
your processes number limit is 7269
your memory page size is 4096 bytes
detected max file descriptor number: 100001
lock engine: pthread robust mutexes
thunder lock: disabled (you can enable it with --thunder-lock)
uWSGI running as root, you can use --uid/--gid/--chroot options
*** WARNING: you are running uWSGI as root !!! (use the --uid flag) *** 
Python version: 3.7.4 (default, Jul 15 2019, 10:05:04)  [GCC 4.8.5 20150623 (Red Hat 4.8.5-36)]
*** Python threads support is disabled. You can enable it with --enable-threads ***
Python main interpreter initialized at 0x21cc3b0
uWSGI running as root, you can use --uid/--gid/--chroot options
*** WARNING: you are running uWSGI as root !!! (use the --uid flag) *** 
The -s/--socket option is missing and stdin is not a socket.
*** Starting uWSGI 2.0.18 (64bit) on [Tue Jul 16 22:04:58 2019] ***
compiled with version: 4.8.5 20150623 (Red Hat 4.8.5-36) on 16 July 2019 11:07:58
os: Linux-3.10.0-957.el7.x86_64 #1 SMP Thu Nov 8 23:39:32 UTC 2018
nodename: VM_0_10_centos
machine: x86_64
clock source: unix
pcre jit disabled
detected number of CPU cores: 1
current working directory: /root/kasim/fish_book
detected binary path: /root/.local/share/virtualenvs/fish_book-t_JyRAER/bin/uwsgi
uWSGI running as root, you can use --uid/--gid/--chroot options
*** WARNING: you are running uWSGI as root !!! (use the --uid flag) *** 
chdir() to /root/kasim/fish_book
your processes number limit is 7269
your memory page size is 4096 bytes
detected max file descriptor number: 100001
lock engine: pthread robust mutexes
thunder lock: disabled (you can enable it with --thunder-lock)
uwsgi socket 0 bound to UNIX address /root/kasim/fish_book/socket/fish_book.sock fd 3
uWSGI running as root, you can use --uid/--gid/--chroot options
*** WARNING: you are running uWSGI as root !!! (use the --uid flag) *** 
Python version: 3.7.4 (default, Jul 15 2019, 10:05:04)  [GCC 4.8.5 20150623 (Red Hat 4.8.5-36)]
*** Python threads support is disabled. You can enable it with --enable-threads ***
Python main interpreter initialized at 0x1e1d530
uWSGI running as root, you can use --uid/--gid/--chroot options
*** WARNING: you are running uWSGI as root !!! (use the --uid flag) *** 
your server socket listen backlog is limited to 100 connections
your mercy for graceful operations on workers is 60 seconds
mapped 291680 bytes (284 KB) for 3 cores
*** Operational MODE: preforking ***
/root/.local/share/virtualenvs/fish_book-t_JyRAER/lib/python3.7/site-packages/flask_sqlalchemy/__init__.py:835: FSADeprecationWarning: SQLALCHEMY_TRACK_MODIFICATIONS adds significant overhead and will be disabled by default in the future.  Set it to True or False to suppress this warning.
  'SQLALCHEMY_TRACK_MODIFICATIONS adds significant overhead and '
WSGI app 0 (mountpoint='') ready in 1 seconds on interpreter 0x1e1d530 pid: 6048 (default app)
uWSGI running as root, you can use --uid/--gid/--chroot options
*** WARNING: you are running uWSGI as root !!! (use the --uid flag) *** 
*** uWSGI is running in multiple interpreter mode ***
spawned uWSGI master process (pid: 6048)
spawned uWSGI worker 1 (pid: 6051, cores: 1)
spawned uWSGI worker 2 (pid: 6052, cores: 1)
spawned uWSGI worker 3 (pid: 6053, cores: 1)
